<?xml version="1.0" encoding="UTF-8"?>
<testng-results ignored="0" total="5" passed="2" failed="1" skipped="2">
  <reporter-output>
  </reporter-output>
  <suite started-at="2025-12-07T13:32:43 IST" name="Default suite" finished-at="2025-12-07T13:33:15 IST" duration-ms="32717">
    <groups>
    </groups>
    <test started-at="2025-12-07T13:32:43 IST" name="Default test" finished-at="2025-12-07T13:33:15 IST" duration-ms="32717">
      <class name="testCasesPackage.Statelymen_StandAloneTest_master">
        <test-method is-config="true" signature="setup()[pri:0, instance:testCasesPackage.Statelymen_StandAloneTest_master@3b0090a4]" started-at="2025-12-07T13:32:43 IST" name="setup" finished-at="2025-12-07T13:32:54 IST" duration-ms="10910" status="PASS">
          <reporter-output>
          </reporter-output>
        </test-method> <!-- setup -->
        <test-method signature="openHomepage()[pri:1, instance:testCasesPackage.Statelymen_StandAloneTest_master@3b0090a4]" started-at="2025-12-07T13:32:54 IST" name="openHomepage" finished-at="2025-12-07T13:32:55 IST" duration-ms="1231" status="PASS">
          <reporter-output>
          </reporter-output>
        </test-method> <!-- openHomepage -->
        <test-method signature="completeQuiz()[pri:2, instance:testCasesPackage.Statelymen_StandAloneTest_master@3b0090a4]" started-at="2025-12-07T13:32:55 IST" name="completeQuiz" finished-at="2025-12-07T13:33:12 IST" depends-on-methods="testCasesPackage.Statelymen_StandAloneTest_master.openHomepage" duration-ms="17246" status="PASS">
          <reporter-output>
          </reporter-output>
        </test-method> <!-- completeQuiz -->
        <test-method signature="enterEmail()[pri:3, instance:testCasesPackage.Statelymen_StandAloneTest_master@3b0090a4]" started-at="2025-12-07T13:33:12 IST" name="enterEmail" finished-at="2025-12-07T13:33:15 IST" depends-on-methods="testCasesPackage.Statelymen_StandAloneTest_master.completeQuiz" duration-ms="2160" status="FAIL">
          <exception class="org.openqa.selenium.WebDriverException">
            <message>
              <![CDATA[unknown error: Call WaitForPendingNavigations only on the parent WebView
  (Session info: chrome=142.0.7444.177)
Build info: version: '4.26.0', revision: '8ccf0219d7'
System info: os.name: 'Windows 11', os.arch: 'amd64', os.version: '10.0', java.version: '21.0.8'
Driver info: org.openqa.selenium.chrome.ChromeDriver
Command: [96e2a09227b55b3b2e658f9573a4c1d7, findElement {using=xpath, value=locators_find_console_path}]
Capabilities {acceptInsecureCerts: false, browserName: chrome, browserVersion: 142.0.7444.177, chrome: {chromedriverVersion: 142.0.7444.61 (9884f628acbc..., userDataDir: C:\Users\VAHID~1.TYA\AppDat...}, fedcm:accounts: true, goog:chromeOptions: {debuggerAddress: localhost:64899}, goog:processID: 4444, networkConnectionEnabled: false, pageLoadStrategy: normal, platformName: windows, proxy: Proxy(), se:cdp: ws://localhost:64899/devtoo..., se:cdpVersion: 142.0.7444.177, setWindowRect: true, strictFileInteractability: false, timeouts: {implicit: 0, pageLoad: 300000, script: 30000}, unhandledPromptBehavior: dismiss and notify, webauthn:extension:credBlob: true, webauthn:extension:largeBlob: true, webauthn:extension:minPinLength: true, webauthn:extension:prf: true, webauthn:virtualAuthenticators: true}
Session ID: 96e2a09227b55b3b2e658f9573a4c1d7]]>
            </message>
            <full-stacktrace>
              <![CDATA[org.openqa.selenium.WebDriverException: unknown error: Call WaitForPendingNavigations only on the parent WebView
  (Session info: chrome=142.0.7444.177)
Build info: version: '4.26.0', revision: '8ccf0219d7'
System info: os.name: 'Windows 11', os.arch: 'amd64', os.version: '10.0', java.version: '21.0.8'
Driver info: org.openqa.selenium.chrome.ChromeDriver
Command: [96e2a09227b55b3b2e658f9573a4c1d7, findElement {using=xpath, value=locators_find_console_path}]
Capabilities {acceptInsecureCerts: false, browserName: chrome, browserVersion: 142.0.7444.177, chrome: {chromedriverVersion: 142.0.7444.61 (9884f628acbc..., userDataDir: C:\Users\VAHID~1.TYA\AppDat...}, fedcm:accounts: true, goog:chromeOptions: {debuggerAddress: localhost:64899}, goog:processID: 4444, networkConnectionEnabled: false, pageLoadStrategy: normal, platformName: windows, proxy: Proxy(), se:cdp: ws://localhost:64899/devtoo..., se:cdpVersion: 142.0.7444.177, setWindowRect: true, strictFileInteractability: false, timeouts: {implicit: 0, pageLoad: 300000, script: 30000}, unhandledPromptBehavior: dismiss and notify, webauthn:extension:credBlob: true, webauthn:extension:largeBlob: true, webauthn:extension:minPinLength: true, webauthn:extension:prf: true, webauthn:virtualAuthenticators: true}
Session ID: 96e2a09227b55b3b2e658f9573a4c1d7
at java.base/jdk.internal.reflect.DirectConstructorHandleAccessor.newInstance(DirectConstructorHandleAccessor.java:62)
at java.base/java.lang.reflect.Constructor.newInstanceWithCaller(Constructor.java:502)
at java.base/java.lang.reflect.Constructor.newInstance(Constructor.java:486)
at org.openqa.selenium.remote.ErrorCodec.decode(ErrorCodec.java:167)
at org.openqa.selenium.remote.codec.w3c.W3CHttpResponseCodec.decode(W3CHttpResponseCodec.java:138)
at org.openqa.selenium.remote.codec.w3c.W3CHttpResponseCodec.decode(W3CHttpResponseCodec.java:50)
at org.openqa.selenium.remote.HttpCommandExecutor.execute(HttpCommandExecutor.java:190)
at org.openqa.selenium.remote.service.DriverCommandExecutor.invokeExecute(DriverCommandExecutor.java:216)
at org.openqa.selenium.remote.service.DriverCommandExecutor.execute(DriverCommandExecutor.java:174)
at org.openqa.selenium.remote.RemoteWebDriver.execute(RemoteWebDriver.java:545)
at org.openqa.selenium.remote.ElementLocation$ElementFinder$2.findElement(ElementLocation.java:165)
at org.openqa.selenium.remote.ElementLocation.findElement(ElementLocation.java:59)
at org.openqa.selenium.remote.RemoteWebDriver.findElement(RemoteWebDriver.java:368)
at org.openqa.selenium.remote.RemoteWebDriver.findElement(RemoteWebDriver.java:362)
at org.openqa.selenium.support.pagefactory.DefaultElementLocator.findElement(DefaultElementLocator.java:68)
at org.openqa.selenium.support.pagefactory.internal.LocatingElementHandler.invoke(LocatingElementHandler.java:38)
at jdk.proxy2/jdk.proxy2.$Proxy16.isDisplayed(Unknown Source)
at org.openqa.selenium.support.ui.ExpectedConditions.elementIfVisible(ExpectedConditions.java:304)
at org.openqa.selenium.support.ui.ExpectedConditions$10.apply(ExpectedConditions.java:290)
at org.openqa.selenium.support.ui.ExpectedConditions$10.apply(ExpectedConditions.java:287)
at org.openqa.selenium.support.ui.ExpectedConditions$23.apply(ExpectedConditions.java:656)
at org.openqa.selenium.support.ui.ExpectedConditions$23.apply(ExpectedConditions.java:652)
at org.openqa.selenium.support.ui.FluentWait.until(FluentWait.java:203)
at testpages.Email_To_PlanSelection.enterEmailTillPlan(Email_To_PlanSelection.java:39)
at testCasesPackage.Statelymen_StandAloneTest_master.enterEmail(Statelymen_StandAloneTest_master.java:46)
at java.base/jdk.internal.reflect.DirectMethodHandleAccessor.invoke(DirectMethodHandleAccessor.java:103)
at java.base/java.lang.reflect.Method.invoke(Method.java:580)
at org.testng.internal.invokers.MethodInvocationHelper.invokeMethod(MethodInvocationHelper.java:141)
at org.testng.internal.invokers.TestInvoker.invokeMethod(TestInvoker.java:687)
at org.testng.internal.invokers.TestInvoker.invokeTestMethod(TestInvoker.java:230)
at org.testng.internal.invokers.MethodRunner.runInSequence(MethodRunner.java:63)
at org.testng.internal.invokers.TestInvoker$MethodInvocationAgent.invoke(TestInvoker.java:995)
at org.testng.internal.invokers.TestInvoker.invokeTestMethods(TestInvoker.java:203)
at org.testng.internal.invokers.TestMethodWorker.invokeTestMethods(TestMethodWorker.java:154)
at org.testng.internal.invokers.TestMethodWorker.run(TestMethodWorker.java:134)
at java.base/java.util.ArrayList.forEach(ArrayList.java:1596)
at org.testng.TestRunner.privateRun(TestRunner.java:741)
at org.testng.TestRunner.run(TestRunner.java:616)
at org.testng.SuiteRunner.runTest(SuiteRunner.java:421)
at org.testng.SuiteRunner.runSequentially(SuiteRunner.java:413)
at org.testng.SuiteRunner.privateRun(SuiteRunner.java:373)
at org.testng.SuiteRunner.run(SuiteRunner.java:312)
at org.testng.SuiteRunnerWorker.runSuite(SuiteRunnerWorker.java:52)
at org.testng.SuiteRunnerWorker.run(SuiteRunnerWorker.java:95)
at org.testng.TestNG.runSuitesSequentially(TestNG.java:1274)
at org.testng.TestNG.runSuitesLocally(TestNG.java:1208)
at org.testng.TestNG.runSuites(TestNG.java:1112)
at org.testng.TestNG.run(TestNG.java:1079)
at org.testng.remote.AbstractRemoteTestNG.run(AbstractRemoteTestNG.java:115)
at org.testng.remote.RemoteTestNG.initAndRun(RemoteTestNG.java:293)
at org.testng.remote.RemoteTestNG.main(RemoteTestNG.java:91)
]]>
            </full-stacktrace>
          </exception> <!-- org.openqa.selenium.WebDriverException -->
          <reporter-output>
          </reporter-output>
        </test-method> <!-- enterEmail -->
        <test-method signature="selectPlan()[pri:4, instance:testCasesPackage.Statelymen_StandAloneTest_master@3b0090a4]" started-at="2025-12-07T13:33:15 IST" name="selectPlan" finished-at="2025-12-07T13:33:15 IST" depends-on-methods="testCasesPackage.Statelymen_StandAloneTest_master.enterEmail" duration-ms="0" status="SKIP">
          <exception class="java.lang.Throwable">
            <message>
              <![CDATA[Method testCasesPackage.Statelymen_StandAloneTest_master.selectPlan() on instance testCasesPackage.Statelymen_StandAloneTest_master@3b0090a4 depends on not successfully finished methods 
[testCasesPackage.Statelymen_StandAloneTest_master.enterEmail() on instance testCasesPackage.Statelymen_StandAloneTest_master@3b0090a4]]]>
            </message>
            <full-stacktrace>
              <![CDATA[java.lang.Throwable: Method testCasesPackage.Statelymen_StandAloneTest_master.selectPlan() on instance testCasesPackage.Statelymen_StandAloneTest_master@3b0090a4 depends on not successfully finished methods 
[testCasesPackage.Statelymen_StandAloneTest_master.enterEmail() on instance testCasesPackage.Statelymen_StandAloneTest_master@3b0090a4]
at org.testng.internal.invokers.TestInvoker.invokeTestMethods(TestInvoker.java:159)
at org.testng.internal.invokers.TestMethodWorker.invokeTestMethods(TestMethodWorker.java:154)
at org.testng.internal.invokers.TestMethodWorker.run(TestMethodWorker.java:134)
at java.base/java.util.ArrayList.forEach(ArrayList.java:1596)
at org.testng.TestRunner.privateRun(TestRunner.java:741)
at org.testng.TestRunner.run(TestRunner.java:616)
at org.testng.SuiteRunner.runTest(SuiteRunner.java:421)
at org.testng.SuiteRunner.runSequentially(SuiteRunner.java:413)
at org.testng.SuiteRunner.privateRun(SuiteRunner.java:373)
at org.testng.SuiteRunner.run(SuiteRunner.java:312)
at org.testng.SuiteRunnerWorker.runSuite(SuiteRunnerWorker.java:52)
at org.testng.SuiteRunnerWorker.run(SuiteRunnerWorker.java:95)
at org.testng.TestNG.runSuitesSequentially(TestNG.java:1274)
at org.testng.TestNG.runSuitesLocally(TestNG.java:1208)
at org.testng.TestNG.runSuites(TestNG.java:1112)
at org.testng.TestNG.run(TestNG.java:1079)
at org.testng.remote.AbstractRemoteTestNG.run(AbstractRemoteTestNG.java:115)
at org.testng.remote.RemoteTestNG.initAndRun(RemoteTestNG.java:293)
at org.testng.remote.RemoteTestNG.main(RemoteTestNG.java:91)
]]>
            </full-stacktrace>
          </exception> <!-- java.lang.Throwable -->
          <reporter-output>
          </reporter-output>
        </test-method> <!-- selectPlan -->
        <test-method signature="completeCheckout()[pri:5, instance:testCasesPackage.Statelymen_StandAloneTest_master@3b0090a4]" started-at="2025-12-07T13:33:15 IST" name="completeCheckout" finished-at="2025-12-07T13:33:15 IST" depends-on-methods="testCasesPackage.Statelymen_StandAloneTest_master.selectPlan" duration-ms="0" status="SKIP">
          <exception class="java.lang.Throwable">
            <message>
              <![CDATA[Method testCasesPackage.Statelymen_StandAloneTest_master.completeCheckout() on instance testCasesPackage.Statelymen_StandAloneTest_master@3b0090a4 depends on not successfully finished methods 
[testCasesPackage.Statelymen_StandAloneTest_master.selectPlan() on instance testCasesPackage.Statelymen_StandAloneTest_master@3b0090a4]]]>
            </message>
            <full-stacktrace>
              <![CDATA[java.lang.Throwable: Method testCasesPackage.Statelymen_StandAloneTest_master.completeCheckout() on instance testCasesPackage.Statelymen_StandAloneTest_master@3b0090a4 depends on not successfully finished methods 
[testCasesPackage.Statelymen_StandAloneTest_master.selectPlan() on instance testCasesPackage.Statelymen_StandAloneTest_master@3b0090a4]
at org.testng.internal.invokers.TestInvoker.invokeTestMethods(TestInvoker.java:159)
at org.testng.internal.invokers.TestMethodWorker.invokeTestMethods(TestMethodWorker.java:154)
at org.testng.internal.invokers.TestMethodWorker.run(TestMethodWorker.java:134)
at java.base/java.util.ArrayList.forEach(ArrayList.java:1596)
at org.testng.TestRunner.privateRun(TestRunner.java:741)
at org.testng.TestRunner.run(TestRunner.java:616)
at org.testng.SuiteRunner.runTest(SuiteRunner.java:421)
at org.testng.SuiteRunner.runSequentially(SuiteRunner.java:413)
at org.testng.SuiteRunner.privateRun(SuiteRunner.java:373)
at org.testng.SuiteRunner.run(SuiteRunner.java:312)
at org.testng.SuiteRunnerWorker.runSuite(SuiteRunnerWorker.java:52)
at org.testng.SuiteRunnerWorker.run(SuiteRunnerWorker.java:95)
at org.testng.TestNG.runSuitesSequentially(TestNG.java:1274)
at org.testng.TestNG.runSuitesLocally(TestNG.java:1208)
at org.testng.TestNG.runSuites(TestNG.java:1112)
at org.testng.TestNG.run(TestNG.java:1079)
at org.testng.remote.AbstractRemoteTestNG.run(AbstractRemoteTestNG.java:115)
at org.testng.remote.RemoteTestNG.initAndRun(RemoteTestNG.java:293)
at org.testng.remote.RemoteTestNG.main(RemoteTestNG.java:91)
]]>
            </full-stacktrace>
          </exception> <!-- java.lang.Throwable -->
          <reporter-output>
          </reporter-output>
        </test-method> <!-- completeCheckout -->
        <test-method is-config="true" signature="tearDown()[pri:0, instance:testCasesPackage.Statelymen_StandAloneTest_master@3b0090a4]" started-at="2025-12-07T13:33:15 IST" name="tearDown" finished-at="2025-12-07T13:33:15 IST" duration-ms="692" status="PASS">
          <reporter-output>
          </reporter-output>
        </test-method> <!-- tearDown -->
      </class> <!-- testCasesPackage.Statelymen_StandAloneTest_master -->
    </test> <!-- Default test -->
  </suite> <!-- Default suite -->
</testng-results>
